<?xml version="1.0" encoding="UTF-8"?>
<testng-results ignored="0" total="1" passed="1" failed="0" skipped="0">
  <reporter-output>
  </reporter-output>
  <suite started-at="2023-07-16T20:40:17 IST" name="Default suite" finished-at="2023-07-16T20:40:31 IST" duration-ms="13953">
    <groups>
    </groups>
    <test started-at="2023-07-16T20:40:17 IST" name="Default test" finished-at="2023-07-16T20:40:31 IST" duration-ms="13953">
      <class name="demowork.DemoWork">
        <test-method signature="flipkart()[pri:3, instance:demowork.DemoWork@8dbdac1]" started-at="2023-07-16T20:40:17 IST" name="flipkart" finished-at="2023-07-16T20:40:31 IST" duration-ms="13891" status="PASS">
          <reporter-output>
          </reporter-output>
        </test-method> <!-- flipkart -->
      </class> <!-- demowork.DemoWork -->
    </test> <!-- Default test -->
  </suite> <!-- Default suite -->
</testng-results>
