<?xml version="1.0" encoding="UTF-8"?>
<testng-results ignored="0" total="2" passed="2" failed="0" skipped="0">
  <reporter-output>
  </reporter-output>
  <suite started-at="2023-07-16T21:37:00 IST" name="Default suite" finished-at="2023-07-16T21:37:14 IST" duration-ms="14321">
    <groups>
    </groups>
    <test started-at="2023-07-16T21:37:00 IST" name="Default test" finished-at="2023-07-16T21:37:14 IST" duration-ms="14321">
      <class name="demowork.DemoWork">
        <test-method signature="flipkart()[pri:3, instance:demowork.DemoWork@32eff876]" started-at="2023-07-16T21:37:00 IST" name="flipkart" finished-at="2023-07-16T21:37:11 IST" duration-ms="10536" status="PASS">
          <reporter-output>
          </reporter-output>
        </test-method> <!-- flipkart -->
      </class> <!-- demowork.DemoWork -->
      <class name="demowork.DemoWorkK">
        <test-method signature="f()[pri:0, instance:demowork.DemoWorkK@4f6ee6e4]" started-at="2023-07-16T21:37:11 IST" name="f" finished-at="2023-07-16T21:37:14 IST" duration-ms="3706" status="PASS">
          <reporter-output>
          </reporter-output>
        </test-method> <!-- f -->
      </class> <!-- demowork.DemoWorkK -->
    </test> <!-- Default test -->
  </suite> <!-- Default suite -->
</testng-results>
